<?xml version="1.0" encoding="UTF-8"?>
<!-- Generated by org.testng.reporters.JUnitReportReporter -->
<testsuite hostname="DESKTOP-NFKHRIP" failures="0" tests="8" name="org.ictkerala.test_ictaklearner.TestClass2" time="14.142" errors="0" timestamp="2024-04-06T16:42:45 AST" skipped="0">
  <testcase classname="org.ictkerala.test_ictaklearner.TestClass2" name="TCnavigation" time="0.018"/>
  <testcase classname="org.ictkerala.test_ictaklearner.TestClass2" name="TC_1" time="0.081"/>
  <testcase classname="org.ictkerala.test_ictaklearner.TestClass2" name="Tc3_" time="0.064"/>
  <testcase classname="org.ictkerala.test_ictaklearner.TestClass2" name="Tc4_" time="0.088"/>
  <testcase classname="org.ictkerala.test_ictaklearner.TestClass2" name="validcred" time="3.559"/>
  <testcase classname="org.ictkerala.test_ictaklearner.TestClass2" name="PofficerUpdate_1" time="7.935"/>
  <testcase classname="org.ictkerala.test_ictaklearner.TestClass2" name="PofficerUpdate_3" time="1.564"/>
  <testcase classname="org.ictkerala.test_ictaklearner.TestClass2" name="pofficerlogout" time="0.833"/>
</testsuite> <!-- org.ictkerala.test_ictaklearner.TestClass2 -->
